#
# A fatal error has been detected by the Java Runtime Environment:
#
#  SIGSEGV (0xb) at pc=0x000000011e986561, pid=1405, tid=1811
#
# JRE version: Java(TM) SE Runtime Environment (8.0_40-b27) (build 1.8.0_40-b27)
# Java VM: Java HotSpot(TM) 64-Bit Server VM (25.40-b25 mixed mode bsd-amd64 compressed oops)
# Problematic frame:
# C  [libglass.dylib+0x15561]  GlassScreenDidChangeScreenParameters+0x21
#
# Failed to write core dump. Core dumps have been disabled. To enable core dumping, try "ulimit -c unlimited" before starting Java again
#
# If you would like to submit a bug report, please visit:
#   http://bugreport.java.com/bugreport/crash.jsp
#

---------------  T H R E A D  ---------------

Current thread is native thread

siginfo: si_signo: 11 (SIGSEGV), si_code: 1 (SEGV_MAPERR), si_addr: 0x0000000000000000

Registers:
RAX=0x000000011e9b8ac8, RBX=0x0000000000000000, RCX=0x740085c1ee13a426, RDX=0x00007fff747681f8
RSP=0x00007fff5a504170, RBP=0x00007fff5a504180, RSI=0x00007fb25390e8d0, RDI=0x0000000000000000
R8 =0x00007fff5a504020, R9 =0x00007fff762f3300, R10=0x0000000000000000, R11=0x0000000000000246
R12=0x00007fb253829a10, R13=0x00000000000f426a, R14=0x00007fb25173f270, R15=0x00007fff5a5042c0
RIP=0x000000011e986561, EFLAGS=0x0000000000010246, ERR=0x0000000000000004
  TRAPNO=0x000000000000000e

Top of Stack: (sp=0x00007fff5a504170)
0x00007fff5a504170:   00007fff5a504350 00007fb25173f270
0x00007fff5a504180:   00007fff5a504190 00007fff8af6745c
0x00007fff5a504190:   00007fff5a5044f0 00007fff8ae57634
0x00007fff5a5041a0:   00007fff5a5041f0 0000000000002800
0x00007fff5a5041b0:   00007fff74f4fed0 00007fb253915450
0x00007fff5a5041c0:   0000000000001004 0000000000000270
0x00007fff5a5041d0:   00007fb253915450 00007fb25173f270
0x00007fff5a5041e0:   0000000000000000 00007fff5a5042c0
0x00007fff5a5041f0:   0000000000000000 00007fb25173f230
0x00007fff5a504200:   00007fff5a504340 000000000000001a
0x00007fff5a504210:   00000000000f4288 00007fb25144f4e0
0x00007fff5a504220:   00007fb2538678b0 00007fb253829a10
0x00007fff5a504230:   0000000000000001 00000000000f426a
0x00007fff5a504240:   00007fb253829a00 00007fff89a23b90
0x00007fff5a504250:   0000000000000001 0000000000000001
0x00007fff5a504260:   0000000000000030 0000000000000001
0x00007fff5a504270:   00007fff5a504290 00007fff89a24546
0x00007fff5a504280:   00007fff74f4dfb0 0000000000000000
0x00007fff5a504290:   00007fff5a5042b0 0000000000000004
0x00007fff5a5042a0:   0000310353833b80 00007fb253829a34
0x00007fff5a5042b0:   0000000000000000 00007fff8ae4d10f
0x00007fff5a5042c0:   00007fb25173f270 00007fff74f4dfb0
0x00007fff5a5042d0:   00007fff5a504350 0000000000000001
0x00007fff5a5042e0:   00007fff5a504320 00007fff89a21dd2
0x00007fff5a5042f0:   0000000105717a00 0000000000000002
0x00007fff5a504300:   0000000105714000 00007fb25141ce42
0x00007fff5a504310:   0000000000000003 000000010571a200
0x00007fff5a504320:   00007fff5a504410 00007fff89a20b36
0x00007fff5a504330:   00007fb251457800 00007fff5a5044f8
0x00007fff5a504340:   0000000000000017 0000000000000000
0x00007fff5a504350:   00000000000f426a 00007fff8ae4d403
0x00007fff5a504360:   00007fff00000000 00007fb25393aeb0 

Instructions: (pc=0x000000011e986561)
0x000000011e986541:   48 89 e5 41 56 53 48 8d 05 72 26 03 00 48 83 38
0x000000011e986551:   00 48 89 fb 75 72 48 8d 05 6a 25 03 00 48 8b 30
0x000000011e986561:   48 8b 03 48 8d 15 74 9a 01 00 48 8d 0d 2e 70 01
0x000000011e986571:   00 48 89 df ff 90 88 03 00 00 48 8d 0d 3e 26 03 

Register to memory mapping:

RAX=0x000000011e9b8ac8: jScreenClass+0 in /Library/Java/JavaVirtualMachines/jdk1.8.0_40.jdk/Contents/Home/jre/lib/libglass.dylib at 0x000000011e971000
RBX=0x0000000000000000 is an unknown value
RCX=0x740085c1ee13a426 is an unknown value
RDX=0x00007fff747681f8: __sFX+0x1c8 in /usr/lib/system/libsystem_c.dylib at 0x00007fff87a41000
RSP=0x00007fff5a504170 is an unknown value
RBP=0x00007fff5a504180 is an unknown value
RSI=0x00007fb25390e8d0 is a global jni handle
RDI=0x0000000000000000 is an unknown value
R8 =0x00007fff5a504020 is an unknown value
R9 =0x00007fff762f3300: _thread+0 in /usr/lib/system/libsystem_pthread.dylib at 0x00007fff9391d000
R10=0x0000000000000000 is an unknown value
R11=0x0000000000000246 is an unknown value
R12=0x00007fb253829a10 is an unknown value
R13=0x00000000000f426a is an unknown value
R14=0x00007fb25173f270 is an unknown value
R15=0x00007fff5a5042c0 is an unknown value


Stack: [0x00007fff59d07000,0x00007fff5a507000],  sp=0x00007fff5a504170,  free space=8180k
Native frames: (J=compiled Java code, j=interpreted, Vv=VM code, C=native code)
C  [libglass.dylib+0x15561]  GlassScreenDidChangeScreenParameters+0x21
C  [CoreFoundation+0x12045c]  __CFNOTIFICATIONCENTER_IS_CALLING_OUT_TO_AN_OBSERVER__+0xc
C  [CoreFoundation+0x10634]  _CFXNotificationPost+0xc44
C  [Foundation+0x79d1]  -[NSNotificationCenter postNotificationName:object:userInfo:]+0x42
C  [AppKit+0x40de7e]  -[NSApplication _reactToScreenInvalidationImmediately:]+0x17b
C  [AppKit+0x40dcc7]  __44-[NSApplication _reactToScreenInvalidation:]_block_invoke+0x4b
C  [CoreFoundation+0x808ec]  __CFRUNLOOP_IS_CALLING_OUT_TO_A_BLOCK__+0xc
C  [CoreFoundation+0x729f5]  __CFRunLoopDoBlocks+0x155
C  [CoreFoundation+0x72536]  __CFRunLoopRun+0x716
C  [CoreFoundation+0x71bd8]  CFRunLoopRunSpecific+0x128
C  [java+0x6490]  CreateExecutionEnvironment+0x367
C  [java+0x221c]  JLI_Launch+0x7a0
C  [java+0x84ed]  main+0x65
C  [java+0x1a74]  start+0x34


---------------  P R O C E S S  ---------------

VM state:at safepoint (normal execution)

VM Mutex/Monitor currently owned by a thread:  ([mutex/lock_event])
[0x00007fb251703360] Threads_lock - owner thread: 0x00007fb25401f800

Heap:
 PSYoungGen      total 18944K, used 12102K [0x00000007aab00000, 0x00000007ac000000, 0x00000007c0000000)
  eden space 16384K, 73% used [0x00000007aab00000,0x00000007ab6d1ad0,0x00000007abb00000)
  from space 2560K, 0% used [0x00000007abd80000,0x00000007abd80000,0x00000007ac000000)
  to   space 2560K, 0% used [0x00000007abb00000,0x00000007abb00000,0x00000007abd80000)
 ParOldGen       total 44032K, used 0K [0x0000000780000000, 0x0000000782b00000, 0x00000007aab00000)
  object space 44032K, 0% used [0x0000000780000000,0x0000000780000000,0x0000000782b00000)
 Metaspace       used 7461K, capacity 7816K, committed 7936K, reserved 1056768K
  class space    used 920K, capacity 1005K, committed 1024K, reserved 1048576K

Card table byte_map: [0x0000000116c93000,0x0000000116e94000] byte_map_base: 0x0000000113093000

Marking Bits: (ParMarkBitMap*) 0x00000001070d57a0
 Begin Bits: [0x0000000117802000, 0x0000000118802000)
 End Bits:   [0x0000000118802000, 0x0000000119802000)

Polling page: 0x00000001057fc000

CodeCache: size=245760Kb used=2262Kb max_used=2264Kb free=243497Kb
 bounds [0x00000001078d3000, 0x0000000107b43000, 0x00000001168d3000]
 total_blobs=946 nmethods=528 adapters=332
 compilation: enabled

Compilation events (10 events):
Event: 0.870 Thread 0x00007fb251870800 nmethod 523 0x0000000107b07410 code [0x0000000107b075c0, 0x0000000107b07c50]
Event: 0.870 Thread 0x00007fb25186f000 nmethod 522 0x0000000107b05b10 code [0x0000000107b05c60, 0x0000000107b05de8]
Event: 0.876 Thread 0x00007fb251870800  525       1       java.nio.Buffer::limit (5 bytes)
Event: 0.876 Thread 0x00007fb251870800 nmethod 525 0x0000000107b04f10 code [0x0000000107b05060, 0x0000000107b05170]
Event: 0.877 Thread 0x00007fb251870800  526       3       java.nio.ByteBuffer::arrayOffset (35 bytes)
Event: 0.877 Thread 0x00007fb251870800 nmethod 526 0x0000000107b06e10 code [0x0000000107b06fa0, 0x0000000107b072b8]
Event: 0.877 Thread 0x00007fb251870800  527       3       java.nio.Buffer::position (43 bytes)
Event: 0.877 Thread 0x00007fb251870800 nmethod 527 0x0000000107b06910 code [0x0000000107b06a80, 0x0000000107b06d48]
Event: 0.877 Thread 0x00007fb251870800  528       3       java.nio.CharBuffer::arrayOffset (35 bytes)
Event: 0.878 Thread 0x00007fb251870800 nmethod 528 0x0000000107b06310 code [0x0000000107b064a0, 0x0000000107b067b8]

GC Heap History (0 events):
No events

Deoptimization events (0 events):
No events

Internal exceptions (10 events):
Event: 0.336 Thread 0x00007fb254001800 Exception <a 'java/lang/NoSuchFieldError': method resolution failed> (0x00000007aad98f28) thrown at [/Users/java_re/workspace/8-2-build-macosx-x86_64/jdk8u40/3153/hotspot/src/share/vm/prims/methodHandles.cpp, line 1125]
Event: 0.338 Thread 0x00007fb254001800 Exception <a 'java/lang/NoSuchFieldError': method resolution failed> (0x00000007aada75f8) thrown at [/Users/java_re/workspace/8-2-build-macosx-x86_64/jdk8u40/3153/hotspot/src/share/vm/prims/methodHandles.cpp, line 1125]
Event: 0.358 Thread 0x00007fb254001800 Exception <a 'java/security/PrivilegedActionException'> (0x00000007aae33ce0) thrown at [/Users/java_re/workspace/8-2-build-macosx-x86_64/jdk8u40/3153/hotspot/src/share/vm/prims/jvm.cpp, line 1382]
Event: 0.358 Thread 0x00007fb254001800 Exception <a 'java/security/PrivilegedActionException'> (0x00000007aae33e98) thrown at [/Users/java_re/workspace/8-2-build-macosx-x86_64/jdk8u40/3153/hotspot/src/share/vm/prims/jvm.cpp, line 1382]
Event: 0.358 Thread 0x00007fb254001800 Exception <a 'java/security/PrivilegedActionException'> (0x00000007aae37088) thrown at [/Users/java_re/workspace/8-2-build-macosx-x86_64/jdk8u40/3153/hotspot/src/share/vm/prims/jvm.cpp, line 1382]
Event: 0.358 Thread 0x00007fb254001800 Exception <a 'java/security/PrivilegedActionException'> (0x00000007aae37240) thrown at [/Users/java_re/workspace/8-2-build-macosx-x86_64/jdk8u40/3153/hotspot/src/share/vm/prims/jvm.cpp, line 1382]
Event: 0.359 Thread 0x00007fb254001800 Exception <a 'java/lang/NullPointerException'> (0x00000007aae38b60) thrown at [/Users/java_re/workspace/8-2-build-macosx-x86_64/jdk8u40/3153/hotspot/src/share/vm/interpreter/linkResolver.cpp, line 1178]
Event: 0.857 Thread 0x00007fb251888000 Exception <a 'java/lang/NullPointerException'> (0x00000007ab62bd48) thrown at [/Users/java_re/workspace/8-2-build-macosx-x86_64/jdk8u40/3153/hotspot/src/share/vm/interpreter/linkResolver.cpp, line 1178]
Event: 0.857 Thread 0x00007fb251888000 Exception <a 'java/lang/NullPointerException'> (0x00000007ab62bd48) thrown at [/Users/java_re/workspace/8-2-build-macosx-x86_64/jdk8u40/3153/hotspot/src/share/vm/prims/jvm.cpp, line 1386]
Event: 0.875 Thread 0x00007fb254001800 Exception <a 'java/lang/reflect/InvocationTargetException'> (0x00000007ab385ba8) thrown at [/Users/java_re/workspace/8-2-build-macosx-x86_64/jdk8u40/3153/hotspot/src/share/vm/runtime/reflection.cpp, line 1080]

Events (10 events):
Event: 0.881 loading class java/util/Formatter$Flags done
Event: 0.881 loading class java/util/Formatter$Conversion
Event: 0.881 loading class java/util/Formatter$Conversion done
Event: 0.881 loading class java/util/Formattable
Event: 0.881 loading class java/util/Formattable done
Event: 0.882 loading class java/util/IdentityHashMap$KeyIterator
Event: 0.882 loading class java/util/IdentityHashMap$IdentityHashMapIterator
Event: 0.882 loading class java/util/IdentityHashMap$IdentityHashMapIterator done
Event: 0.882 loading class java/util/IdentityHashMap$KeyIterator done
Event: 0.882 Executing VM operation: Exit


Dynamic libraries:
0x0000000003cfd000 	/System/Library/Frameworks/Cocoa.framework/Versions/A/Cocoa
0x0000000003cfd000 	/System/Library/Frameworks/Security.framework/Versions/A/Security
0x0000000003cfd000 	/System/Library/Frameworks/ApplicationServices.framework/Versions/A/ApplicationServices
0x0000000003cfd000 	/usr/lib/libz.1.dylib
0x0000000003cfd000 	/usr/lib/libSystem.B.dylib
0x0000000003cfd000 	/usr/lib/libobjc.A.dylib
0x0000000003cfd000 	/System/Library/Frameworks/CoreFoundation.framework/Versions/A/CoreFoundation
0x0000000003cfd000 	/System/Library/Frameworks/Foundation.framework/Versions/C/Foundation
0x0000000003cfd000 	/System/Library/Frameworks/AppKit.framework/Versions/C/AppKit
0x0000000003cfd000 	/System/Library/Frameworks/CoreData.framework/Versions/A/CoreData
0x0000000003cfd000 	/System/Library/PrivateFrameworks/RemoteViewServices.framework/Versions/A/RemoteViewServices
0x0000000003cfd000 	/System/Library/PrivateFrameworks/UIFoundation.framework/Versions/A/UIFoundation
0x0000000003cfd000 	/System/Library/Frameworks/IOSurface.framework/Versions/A/IOSurface
0x0000000003cfd000 	/System/Library/Frameworks/AudioToolbox.framework/Versions/A/AudioToolbox
0x0000000003cfd000 	/System/Library/Frameworks/AudioUnit.framework/Versions/A/AudioUnit
0x0000000003cfd000 	/System/Library/PrivateFrameworks/DataDetectorsCore.framework/Versions/A/DataDetectorsCore
0x0000000003cfd000 	/System/Library/PrivateFrameworks/DesktopServicesPriv.framework/Versions/A/DesktopServicesPriv
0x0000000003cfd000 	/System/Library/Frameworks/Carbon.framework/Versions/A/Frameworks/HIToolbox.framework/Versions/A/HIToolbox
0x0000000003cfd000 	/System/Library/Frameworks/QuartzCore.framework/Versions/A/QuartzCore
0x0000000003cfd000 	/System/Library/Frameworks/Carbon.framework/Versions/A/Frameworks/SpeechRecognition.framework/Versions/A/SpeechRecognition
0x0000000003cfd000 	/usr/lib/libauto.dylib
0x0000000003cfd000 	/usr/lib/libicucore.A.dylib
0x0000000003cfd000 	/usr/lib/libxml2.2.dylib
0x0000000003cfd000 	/System/Library/PrivateFrameworks/CoreUI.framework/Versions/A/CoreUI
0x0000000003cfd000 	/System/Library/Frameworks/CoreAudio.framework/Versions/A/CoreAudio
0x0000000003cfd000 	/System/Library/Frameworks/DiskArbitration.framework/Versions/A/DiskArbitration
0x0000000003cfd000 	/usr/lib/liblangid.dylib
0x0000000003cfd000 	/System/Library/PrivateFrameworks/MultitouchSupport.framework/Versions/A/MultitouchSupport
0x0000000003cfd000 	/System/Library/Frameworks/IOKit.framework/Versions/A/IOKit
0x0000000003cfd000 	/usr/lib/libDiagnosticMessagesClient.dylib
0x0000000003cfd000 	/System/Library/Frameworks/CoreServices.framework/Versions/A/CoreServices
0x0000000003cfd000 	/System/Library/PrivateFrameworks/PerformanceAnalysis.framework/Versions/A/PerformanceAnalysis
0x0000000003cfd000 	/System/Library/PrivateFrameworks/GenerationalStorage.framework/Versions/A/GenerationalStorage
0x0000000003cfd000 	/System/Library/Frameworks/OpenGL.framework/Versions/A/OpenGL
0x0000000003cfd000 	/System/Library/PrivateFrameworks/Sharing.framework/Versions/A/Sharing
0x0000000003cfd000 	/System/Library/Frameworks/CoreGraphics.framework/Versions/A/CoreGraphics
0x0000000003cfd000 	/System/Library/Frameworks/CoreText.framework/Versions/A/CoreText
0x0000000003cfd000 	/System/Library/Frameworks/ImageIO.framework/Versions/A/ImageIO
0x0000000003cfd000 	/usr/lib/libextension.dylib
0x0000000003cfd000 	/System/Library/PrivateFrameworks/Backup.framework/Versions/A/Backup
0x0000000003cfd000 	/usr/lib/libarchive.2.dylib
0x0000000003cfd000 	/System/Library/Frameworks/CFNetwork.framework/Versions/A/CFNetwork
0x0000000003cfd000 	/System/Library/Frameworks/SystemConfiguration.framework/Versions/A/SystemConfiguration
0x0000000003cfd000 	/usr/lib/libCRFSuite.dylib
0x0000000003cfd000 	/usr/lib/libc++.1.dylib
0x0000000003cfd000 	/usr/lib/libc++abi.dylib
0x0000000003cfd000 	/usr/lib/system/libcache.dylib
0x0000000003cfd000 	/usr/lib/system/libcommonCrypto.dylib
0x0000000003cfd000 	/usr/lib/system/libcompiler_rt.dylib
0x0000000003cfd000 	/usr/lib/system/libcopyfile.dylib
0x0000000003cfd000 	/usr/lib/system/libcorecrypto.dylib
0x0000000003cfd000 	/usr/lib/system/libdispatch.dylib
0x0000000003cfd000 	/usr/lib/system/libdyld.dylib
0x0000000003cfd000 	/usr/lib/system/libkeymgr.dylib
0x0000000003cfd000 	/usr/lib/system/liblaunch.dylib
0x0000000003cfd000 	/usr/lib/system/libmacho.dylib
0x0000000003cfd000 	/usr/lib/system/libquarantine.dylib
0x0000000003cfd000 	/usr/lib/system/libremovefile.dylib
0x0000000003cfd000 	/usr/lib/system/libsystem_asl.dylib
0x0000000003cfd000 	/usr/lib/system/libsystem_blocks.dylib
0x0000000003cfd000 	/usr/lib/system/libsystem_c.dylib
0x0000000003cfd000 	/usr/lib/system/libsystem_configuration.dylib
0x0000000003cfd000 	/usr/lib/system/libsystem_coreservices.dylib
0x0000000003cfd000 	/usr/lib/system/libsystem_coretls.dylib
0x0000000003cfd000 	/usr/lib/system/libsystem_dnssd.dylib
0x0000000003cfd000 	/usr/lib/system/libsystem_info.dylib
0x0000000003cfd000 	/usr/lib/system/libsystem_kernel.dylib
0x0000000003cfd000 	/usr/lib/system/libsystem_m.dylib
0x0000000003cfd000 	/usr/lib/system/libsystem_malloc.dylib
0x0000000003cfd000 	/usr/lib/system/libsystem_network.dylib
0x0000000003cfd000 	/usr/lib/system/libsystem_networkextension.dylib
0x0000000003cfd000 	/usr/lib/system/libsystem_notify.dylib
0x0000000003cfd000 	/usr/lib/system/libsystem_platform.dylib
0x0000000003cfd000 	/usr/lib/system/libsystem_pthread.dylib
0x0000000003cfd000 	/usr/lib/system/libsystem_sandbox.dylib
0x0000000003cfd000 	/usr/lib/system/libsystem_secinit.dylib
0x0000000003cfd000 	/usr/lib/system/libsystem_stats.dylib
0x0000000003cfd000 	/usr/lib/system/libsystem_trace.dylib
0x0000000003cfd000 	/usr/lib/system/libunc.dylib
0x0000000003cfd000 	/usr/lib/system/libunwind.dylib
0x0000000003cfd000 	/usr/lib/system/libxpc.dylib
0x0000000003cfd000 	/usr/lib/libbz2.1.0.dylib
0x0000000003cfd000 	/usr/lib/liblzma.5.dylib
0x0000000003cfd000 	/usr/lib/libbsm.0.dylib
0x0000000003cfd000 	/usr/lib/libsqlite3.dylib
0x0000000003cfd000 	/usr/lib/system/libkxld.dylib
0x0000000003cfd000 	/usr/lib/libxar.1.dylib
0x0000000003cfd000 	/usr/lib/libpam.2.dylib
0x0000000003cfd000 	/usr/lib/libOpenScriptingUtil.dylib
0x0000000003cfd000 	/System/Library/Frameworks/CoreServices.framework/Versions/A/Frameworks/FSEvents.framework/Versions/A/FSEvents
0x0000000003cfd000 	/System/Library/Frameworks/CoreServices.framework/Versions/A/Frameworks/CarbonCore.framework/Versions/A/CarbonCore
0x0000000003cfd000 	/System/Library/Frameworks/CoreServices.framework/Versions/A/Frameworks/Metadata.framework/Versions/A/Metadata
0x0000000003cfd000 	/System/Library/Frameworks/CoreServices.framework/Versions/A/Frameworks/OSServices.framework/Versions/A/OSServices
0x0000000003cfd000 	/System/Library/Frameworks/CoreServices.framework/Versions/A/Frameworks/SearchKit.framework/Versions/A/SearchKit
0x0000000003cfd000 	/System/Library/Frameworks/CoreServices.framework/Versions/A/Frameworks/AE.framework/Versions/A/AE
0x0000000003cfd000 	/System/Library/Frameworks/CoreServices.framework/Versions/A/Frameworks/LaunchServices.framework/Versions/A/LaunchServices
0x0000000003cfd000 	/System/Library/Frameworks/CoreServices.framework/Versions/A/Frameworks/DictionaryServices.framework/Versions/A/DictionaryServices
0x0000000003cfd000 	/System/Library/Frameworks/NetFS.framework/Versions/A/NetFS
0x0000000003cfd000 	/System/Library/PrivateFrameworks/NetAuth.framework/Versions/A/NetAuth
0x0000000003cfd000 	/System/Library/PrivateFrameworks/login.framework/Versions/A/Frameworks/loginsupport.framework/Versions/A/loginsupport
0x0000000003cfd000 	/System/Library/PrivateFrameworks/TCC.framework/Versions/A/TCC
0x0000000003cfd000 	/usr/lib/libmecabra.dylib
0x0000000003cfd000 	/System/Library/Frameworks/ApplicationServices.framework/Versions/A/Frameworks/ATS.framework/Versions/A/ATS
0x0000000003cfd000 	/System/Library/Frameworks/ApplicationServices.framework/Versions/A/Frameworks/ColorSync.framework/Versions/A/ColorSync
0x0000000003cfd000 	/System/Library/Frameworks/ApplicationServices.framework/Versions/A/Frameworks/HIServices.framework/Versions/A/HIServices
0x0000000003cfd000 	/System/Library/Frameworks/ApplicationServices.framework/Versions/A/Frameworks/LangAnalysis.framework/Versions/A/LangAnalysis
0x0000000003cfd000 	/System/Library/Frameworks/ApplicationServices.framework/Versions/A/Frameworks/PrintCore.framework/Versions/A/PrintCore
0x0000000003cfd000 	/System/Library/Frameworks/ApplicationServices.framework/Versions/A/Frameworks/QD.framework/Versions/A/QD
0x0000000003cfd000 	/System/Library/Frameworks/ApplicationServices.framework/Versions/A/Frameworks/SpeechSynthesis.framework/Versions/A/SpeechSynthesis
0x0000000003cfd000 	/System/Library/Frameworks/Accelerate.framework/Versions/A/Accelerate
0x0000000003cfd000 	/System/Library/Frameworks/Accelerate.framework/Versions/A/Frameworks/vImage.framework/Versions/A/vImage
0x0000000003cfd000 	/System/Library/Frameworks/Accelerate.framework/Versions/A/Frameworks/vecLib.framework/Versions/A/vecLib
0x0000000003cfd000 	/System/Library/Frameworks/Accelerate.framework/Versions/A/Frameworks/vecLib.framework/Versions/A/libvDSP.dylib
0x0000000003cfd000 	/System/Library/Frameworks/Accelerate.framework/Versions/A/Frameworks/vecLib.framework/Versions/A/libvMisc.dylib
0x0000000003cfd000 	/System/Library/Frameworks/Accelerate.framework/Versions/A/Frameworks/vecLib.framework/Versions/A/libLAPACK.dylib
0x0000000003cfd000 	/System/Library/Frameworks/Accelerate.framework/Versions/A/Frameworks/vecLib.framework/Versions/A/libBLAS.dylib
0x0000000003cfd000 	/System/Library/Frameworks/Accelerate.framework/Versions/A/Frameworks/vecLib.framework/Versions/A/libLinearAlgebra.dylib
0x0000000003cfd000 	/System/Library/Frameworks/ApplicationServices.framework/Versions/A/Frameworks/ATS.framework/Versions/A/Resources/libFontParser.dylib
0x0000000003cfd000 	/System/Library/Frameworks/ApplicationServices.framework/Versions/A/Frameworks/ATS.framework/Versions/A/Resources/libFontRegistry.dylib
0x0000000003cfd000 	/System/Library/PrivateFrameworks/AppleVPA.framework/Versions/A/AppleVPA
0x0000000003cfd000 	/System/Library/PrivateFrameworks/AppleJPEG.framework/Versions/A/AppleJPEG
0x0000000003cfd000 	/System/Library/Frameworks/ImageIO.framework/Versions/A/Resources/libJPEG.dylib
0x0000000003cfd000 	/System/Library/Frameworks/ImageIO.framework/Versions/A/Resources/libTIFF.dylib
0x0000000003cfd000 	/System/Library/Frameworks/ImageIO.framework/Versions/A/Resources/libPng.dylib
0x0000000003cfd000 	/System/Library/Frameworks/ImageIO.framework/Versions/A/Resources/libGIF.dylib
0x0000000003cfd000 	/System/Library/Frameworks/ImageIO.framework/Versions/A/Resources/libJP2.dylib
0x0000000003cfd000 	/System/Library/Frameworks/ImageIO.framework/Versions/A/Resources/libRadiance.dylib
0x0000000003cfd000 	/System/Library/Frameworks/CoreVideo.framework/Versions/A/CoreVideo
0x0000000003cfd000 	/System/Library/Frameworks/OpenGL.framework/Versions/A/Libraries/libGLU.dylib
0x0000000003cfd000 	/System/Library/Frameworks/OpenGL.framework/Versions/A/Libraries/libGFXShared.dylib
0x0000000003cfd000 	/System/Library/Frameworks/OpenGL.framework/Versions/A/Libraries/libGL.dylib
0x0000000003cfd000 	/System/Library/Frameworks/OpenGL.framework/Versions/A/Libraries/libGLImage.dylib
0x0000000003cfd000 	/System/Library/Frameworks/OpenGL.framework/Versions/A/Libraries/libCVMSPluginSupport.dylib
0x0000000003cfd000 	/System/Library/Frameworks/OpenGL.framework/Versions/A/Libraries/libCoreVMClient.dylib
0x0000000003cfd000 	/usr/lib/libcups.2.dylib
0x0000000003cfd000 	/System/Library/Frameworks/Kerberos.framework/Versions/A/Kerberos
0x0000000003cfd000 	/System/Library/Frameworks/GSS.framework/Versions/A/GSS
0x0000000003cfd000 	/usr/lib/libresolv.9.dylib
0x0000000003cfd000 	/usr/lib/libiconv.2.dylib
0x0000000003cfd000 	/System/Library/PrivateFrameworks/Heimdal.framework/Versions/A/Heimdal
0x0000000003cfd000 	/usr/lib/libheimdal-asn1.dylib
0x0000000003cfd000 	/System/Library/Frameworks/OpenDirectory.framework/Versions/A/OpenDirectory
0x0000000003cfd000 	/System/Library/PrivateFrameworks/CommonAuth.framework/Versions/A/CommonAuth
0x0000000003cfd000 	/System/Library/Frameworks/OpenDirectory.framework/Versions/A/Frameworks/CFOpenDirectory.framework/Versions/A/CFOpenDirectory
0x0000000003cfd000 	/System/Library/Frameworks/SecurityFoundation.framework/Versions/A/SecurityFoundation
0x0000000003cfd000 	/System/Library/PrivateFrameworks/LanguageModeling.framework/Versions/A/LanguageModeling
0x0000000003cfd000 	/usr/lib/libcmph.dylib
0x0000000003cfd000 	/System/Library/Frameworks/ServiceManagement.framework/Versions/A/ServiceManagement
0x0000000003cfd000 	/usr/lib/libxslt.1.dylib
0x0000000003cfd000 	/System/Library/Frameworks/Carbon.framework/Versions/A/Frameworks/Ink.framework/Versions/A/Ink
0x0000000003cfd000 	/System/Library/Frameworks/QuartzCore.framework/Versions/A/Frameworks/CoreImage.framework/Versions/A/CoreImage
0x0000000003cfd000 	/System/Library/PrivateFrameworks/CrashReporterSupport.framework/Versions/A/CrashReporterSupport
0x0000000003cfd000 	/System/Library/Frameworks/OpenCL.framework/Versions/A/OpenCL
0x0000000003cfd000 	/System/Library/PrivateFrameworks/FaceCore.framework/Versions/A/FaceCore
0x0000000003cfd000 	/System/Library/PrivateFrameworks/Ubiquity.framework/Versions/A/Ubiquity
0x0000000003cfd000 	/System/Library/PrivateFrameworks/IconServices.framework/Versions/A/IconServices
0x0000000003cfd000 	/System/Library/PrivateFrameworks/ChunkingLibrary.framework/Versions/A/ChunkingLibrary
0x0000000003cfd000 	/System/Library/PrivateFrameworks/Apple80211.framework/Versions/A/Apple80211
0x0000000003cfd000 	/System/Library/Frameworks/CoreWLAN.framework/Versions/A/CoreWLAN
0x0000000003cfd000 	/System/Library/Frameworks/IOBluetooth.framework/Versions/A/IOBluetooth
0x0000000003cfd000 	/System/Library/PrivateFrameworks/CoreWiFi.framework/Versions/A/CoreWiFi
0x0000000003cfd000 	/System/Library/Frameworks/CoreBluetooth.framework/Versions/A/CoreBluetooth
0x0000000003cfd000 	/System/Library/PrivateFrameworks/DebugSymbols.framework/Versions/A/DebugSymbols
0x0000000003cfd000 	/System/Library/PrivateFrameworks/CoreSymbolication.framework/Versions/A/CoreSymbolication
0x0000000003cfd000 	/System/Library/PrivateFrameworks/Symbolication.framework/Versions/A/Symbolication
0x0000000003cfd000 	/System/Library/PrivateFrameworks/SpeechRecognitionCore.framework/Versions/A/SpeechRecognitionCore
0x0000000106813000 	/Library/Java/JavaVirtualMachines/jdk1.8.0_40.jdk/Contents/Home/jre/lib/server/libjvm.dylib
0x0000000003cfd000 	/usr/lib/libstdc++.6.dylib
0x000000010787f000 	/Library/Java/JavaVirtualMachines/jdk1.8.0_40.jdk/Contents/Home/jre/lib/libverify.dylib
0x000000010788d000 	/Library/Java/JavaVirtualMachines/jdk1.8.0_40.jdk/Contents/Home/jre/lib/libjava.dylib
0x00000001078ca000 	/Library/Java/JavaVirtualMachines/jdk1.8.0_40.jdk/Contents/Home/jre/lib/libzip.dylib
0x000000011c46d000 	/System/Library/Frameworks/JavaVM.framework/Frameworks/JavaRuntimeSupport.framework/JavaRuntimeSupport
0x000000011c485000 	/System/Library/Frameworks/JavaVM.framework/Versions/A/Frameworks/JavaNativeFoundation.framework/Versions/A/JavaNativeFoundation
0x000000011c49a000 	/System/Library/Frameworks/JavaVM.framework/Versions/A/JavaVM
0x0000000003cfd000 	/System/Library/Frameworks/Carbon.framework/Versions/A/Carbon
0x000000011c4a7000 	/System/Library/PrivateFrameworks/JavaLaunching.framework/Versions/A/JavaLaunching
0x0000000003cfd000 	/System/Library/Frameworks/Carbon.framework/Versions/A/Frameworks/CommonPanels.framework/Versions/A/CommonPanels
0x0000000003cfd000 	/System/Library/Frameworks/Carbon.framework/Versions/A/Frameworks/Help.framework/Versions/A/Help
0x0000000003cfd000 	/System/Library/Frameworks/Carbon.framework/Versions/A/Frameworks/ImageCapture.framework/Versions/A/ImageCapture
0x0000000003cfd000 	/System/Library/Frameworks/Carbon.framework/Versions/A/Frameworks/OpenScripting.framework/Versions/A/OpenScripting
0x0000000003cfd000 	/System/Library/Frameworks/Carbon.framework/Versions/A/Frameworks/Print.framework/Versions/A/Print
0x0000000003cfd000 	/System/Library/Frameworks/Carbon.framework/Versions/A/Frameworks/SecurityHI.framework/Versions/A/SecurityHI
0x000000011e678000 	/Library/Java/JavaVirtualMachines/jdk1.8.0_40.jdk/Contents/Home/jre/lib/libprism_es2.dylib
0x000000011e6fa000 	/System/Library/Frameworks/OpenGL.framework/Resources/GLEngine.bundle/GLEngine
0x0000000003cfd000 	/System/Library/Frameworks/OpenGL.framework/Versions/A/Libraries/libGLProgrammability.dylib
0x0000000000000000 	/System/Library/Extensions/AppleIntelHD3000GraphicsGLDriver.bundle/Contents/MacOS/AppleIntelHD3000GraphicsGLDriver
0x000000011e8e5000 	/System/Library/PrivateFrameworks/GPUSupport.framework/Versions/A/Libraries/libGPUSupport.dylib
0x0000000000000000 	/System/Library/Extensions/AMDRadeonX3000GLDriver.bundle/Contents/MacOS/AMDRadeonX3000GLDriver
0x0000000003cfd000 	/System/Library/PrivateFrameworks/IOAccelerator.framework/Versions/A/IOAccelerator
0x0000000003cfd000 	/System/Library/PrivateFrameworks/GPUSupport.framework/Versions/A/Libraries/libGPUSupportMercury.dylib
0x000000011e8fb000 	/System/Library/Frameworks/OpenGL.framework/Resources//GLRendererFloat.bundle/GLRendererFloat
0x0000000003cfd000 	/System/Library/Frameworks/OpenCL.framework/Versions/A/Libraries/libcldcpuengine.dylib
0x0000000003cfd000 	/System/Library/PrivateFrameworks/DiskImages.framework/Versions/A/DiskImages
0x0000000003cfd000 	/System/Library/Frameworks/DiscRecording.framework/Versions/A/DiscRecording
0x0000000003cfd000 	/usr/lib/libcsfde.dylib
0x0000000003cfd000 	/usr/lib/libcurl.4.dylib
0x0000000003cfd000 	/System/Library/PrivateFrameworks/MediaKit.framework/Versions/A/MediaKit
0x0000000003cfd000 	/System/Library/PrivateFrameworks/ProtectedCloudStorage.framework/Versions/A/ProtectedCloudStorage
0x0000000003cfd000 	/usr/lib/libCoreStorage.dylib
0x0000000003cfd000 	/System/Library/PrivateFrameworks/EFILogin.framework/Versions/A/EFILogin
0x0000000003cfd000 	/usr/lib/libutil.dylib
0x0000000003cfd000 	/System/Library/PrivateFrameworks/FindMyDevice.framework/Versions/A/FindMyDevice
0x0000000003cfd000 	/System/Library/Frameworks/LDAP.framework/Versions/A/LDAP
0x0000000003cfd000 	/usr/lib/libsasl2.2.dylib
0x0000000003cfd000 	/System/Library/PrivateFrameworks/CoreDaemon.framework/Versions/B/CoreDaemon
0x0000000003cfd000 	/usr/lib/libcrypto.0.9.8.dylib
0x0000000003cfd000 	/System/Library/PrivateFrameworks/AppleSRP.framework/Versions/A/AppleSRP
0x0000000003cfd000 	/System/Library/PrivateFrameworks/TrustEvaluationAgent.framework/Versions/A/TrustEvaluationAgent
0x000000011e971000 	/Library/Java/JavaVirtualMachines/jdk1.8.0_40.jdk/Contents/Home/jre/lib/libglass.dylib
0x0000000003cfd000 	/System/Library/PrivateFrameworks/CoreServicesInternal.framework/Versions/A/CoreServicesInternal
0x0000000003cfd000 	/System/Library/PrivateFrameworks/CloudDocs.framework/Versions/A/CloudDocs
0x0000000003cfd000 	/System/Library/PrivateFrameworks/CoreDuet.framework/Versions/A/CoreDuet
0x0000000003cfd000 	/System/Library/Frameworks/CloudKit.framework/Versions/A/CloudKit
0x0000000003cfd000 	/System/Library/PrivateFrameworks/ProtocolBuffer.framework/Versions/A/ProtocolBuffer
0x0000000003cfd000 	/System/Library/PrivateFrameworks/CoreDuetDaemonProtocol.framework/Versions/A/CoreDuetDaemonProtocol
0x0000000003cfd000 	/System/Library/PrivateFrameworks/CoreDuetDebugLogging.framework/Versions/A/CoreDuetDebugLogging
0x0000000003cfd000 	/System/Library/PrivateFrameworks/MMCS.framework/Versions/A/MMCS
0x0000000003cfd000 	/System/Library/Frameworks/CoreLocation.framework/Versions/A/CoreLocation
0x0000000003cfd000 	/System/Library/PrivateFrameworks/GeoServices.framework/Versions/A/GeoServices
0x000000011ee8f000 	/System/Library/Frameworks/CoreGraphics.framework/Versions/A/Resources/libCGCMS.A.dylib
0x0000000003cfd000 	/System/Library/CoreServices/RawCamera.bundle/Contents/MacOS/RawCamera
0x0000000120236000 	/System/Library/Frameworks/CoreGraphics.framework/Versions/A/Resources/libRIP.A.dylib
0x0000000003cfd000 	/System/Library/PrivateFrameworks/FamilyControls.framework/Versions/A/FamilyControls
0x0000000003cfd000 	/System/Library/PrivateFrameworks/CommerceKit.framework/Versions/A/Frameworks/CommerceCore.framework/Versions/A/CommerceCore
0x0000000003cfd000 	/System/Library/PrivateFrameworks/SystemAdministration.framework/Versions/A/SystemAdministration
0x0000000003cfd000 	/System/Library/PrivateFrameworks/AppContainer.framework/Versions/A/AppContainer
0x0000000003cfd000 	/System/Library/PrivateFrameworks/SecCodeWrapper.framework/Versions/A/SecCodeWrapper
0x0000000003cfd000 	/System/Library/Frameworks/DirectoryService.framework/Versions/A/DirectoryService
0x0000000003cfd000 	/System/Library/PrivateFrameworks/LoginUIKit.framework/Versions/A/Frameworks/LoginUICore.framework/Versions/A/LoginUICore
0x0000000003cfd000 	/usr/lib/libodfde.dylib

VM Arguments:
jvm_args: -Dfile.encoding=UTF-8 
java_command: exercise16_01.Exercise16_01
java_class_path (initial): /Users/a_lagimoniere/Documents/CSCI1302/Exercise16_01/build/classes
Launcher Type: SUN_STANDARD

Environment Variables:
PATH=/usr/bin:/bin:/usr/sbin:/sbin
LD_LIBRARY_PATH=/Library/Java/JavaVirtualMachines/jdk1.8.0_40.jdk/Contents/Home/jre/lib/amd64:/Library/Java/JavaVirtualMachines/jdk1.8.0_40.jdk/Contents/Home/jre/lib/i386:
SHELL=/bin/bash
DYLD_LIBRARY_PATH=/Applications/NetBeans/NetBeans 8.0.2.app/Contents/Resources/NetBeans/webcommon/bin:

Signal Handlers:
SIGSEGV: [libjvm.dylib+0x58ef95], sa_mask[0]=11111111011111110111111111111111, sa_flags=SA_ONSTACK|SA_RESTART|SA_SIGINFO
SIGBUS: [libjvm.dylib+0x58ef95], sa_mask[0]=11111111011111110111111111111111, sa_flags=SA_RESTART|SA_SIGINFO
SIGFPE: [libjvm.dylib+0x46c118], sa_mask[0]=11111111011111110111111111111111, sa_flags=SA_RESTART|SA_SIGINFO
SIGPIPE: [libjvm.dylib+0x46c118], sa_mask[0]=11111111011111110111111111111111, sa_flags=SA_RESTART|SA_SIGINFO
SIGXFSZ: [libjvm.dylib+0x46c118], sa_mask[0]=11111111011111110111111111111111, sa_flags=SA_RESTART|SA_SIGINFO
SIGILL: [libjvm.dylib+0x46c118], sa_mask[0]=11111111011111110111111111111111, sa_flags=SA_RESTART|SA_SIGINFO
SIGUSR1: SIG_DFL, sa_mask[0]=00000000000000000000000000000000, sa_flags=none
SIGUSR2: [libjvm.dylib+0x46bc36], sa_mask[0]=00100000000000000000000000000000, sa_flags=SA_RESTART|SA_SIGINFO
SIGHUP: [libjvm.dylib+0x46a209], sa_mask[0]=11111111011111110111111111111111, sa_flags=SA_RESTART|SA_SIGINFO
SIGINT: SIG_IGN, sa_mask[0]=00000000000000000000000000000000, sa_flags=none
SIGTERM: [libjvm.dylib+0x46a209], sa_mask[0]=11111111011111110111111111111111, sa_flags=SA_RESTART|SA_SIGINFO
SIGQUIT: [libjvm.dylib+0x46a209], sa_mask[0]=11111111011111110111111111111111, sa_flags=SA_RESTART|SA_SIGINFO


---------------  S Y S T E M  ---------------

OS:Bsduname:Darwin 14.4.0 Darwin Kernel Version 14.4.0: Thu May 28 11:35:04 PDT 2015; root:xnu-2782.30.5~1/RELEASE_X86_64 x86_64
rlimit: STACK 8192k, CORE 0k, NPROC 709, NOFILE 10240, AS infinity
load average:1.31 1.35 1.33

CPU:total 8 (4 cores per cpu, 2 threads per core) family 6 model 42 stepping 7, cmov, cx8, fxsr, mmx, sse, sse2, sse3, ssse3, sse4.1, sse4.2, popcnt, avx, aes, clmul, ht, tsc, tscinvbit

Memory: 4k page, physical 4194304k(26656k free)

/proc/meminfo:


vm_info: Java HotSpot(TM) 64-Bit Server VM (25.40-b25) for bsd-amd64 JRE (1.8.0_40-b27), built on Mar 13 2015 04:46:52 by "java_re" with gcc 4.2.1 (Based on Apple Inc. build 5658) (LLVM build 2336.11.00)

time: Sat Jul 11 15:41:21 2015
elapsed time: 0 seconds (0d 0h 0m 0s)

